  [1m[36m (1.1ms)[0m  [1mCREATE TABLE "schema_migrations" ("version" varchar NOT NULL) [0m
  [1m[35m (0.1ms)[0m  select sqlite_version(*)
  [1m[36m (1.3ms)[0m  [1mCREATE UNIQUE INDEX "unique_schema_migrations" ON "schema_migrations" ("version")[0m
  [1m[35mActiveRecord::SchemaMigration Load (0.1ms)[0m  SELECT "schema_migrations".* FROM "schema_migrations"
Migrating to CreateTeams (20150809153234)
  [1m[36m (0.1ms)[0m  [1mbegin transaction[0m
  [1m[35m (0.5ms)[0m  CREATE TABLE "teams" ("id" INTEGER PRIMARY KEY AUTOINCREMENT NOT NULL, "title" varchar, "created_at" datetime NOT NULL, "updated_at" datetime NOT NULL) 
  [1m[36mSQL (0.2ms)[0m  [1mINSERT INTO "schema_migrations" ("version") VALUES (?)[0m  [["version", "20150809153234"]]
  [1m[35m (1.0ms)[0m  commit transaction
Migrating to CreatePlayers (20150809153354)
  [1m[36m (0.0ms)[0m  [1mbegin transaction[0m
  [1m[35m (0.4ms)[0m  CREATE TABLE "players" ("id" INTEGER PRIMARY KEY AUTOINCREMENT NOT NULL, "name" varchar, "number" integer, "position" varchar, "team_id" integer, "created_at" datetime NOT NULL, "updated_at" datetime NOT NULL) 
  [1m[36m (0.1ms)[0m  [1mCREATE  INDEX "index_players_on_team_id" ON "players" ("team_id")[0m
  [1m[35mSQL (0.1ms)[0m  INSERT INTO "schema_migrations" ("version") VALUES (?)  [["version", "20150809153354"]]
  [1m[36m (0.9ms)[0m  [1mcommit transaction[0m
  [1m[35mActiveRecord::SchemaMigration Load (0.1ms)[0m  SELECT "schema_migrations".* FROM "schema_migrations"
  [1m[36m (0.2ms)[0m  [1m            SELECT sql
            FROM sqlite_master
            WHERE name='index_players_on_team_id' AND type='index'
            UNION ALL
            SELECT sql
            FROM sqlite_temp_master
            WHERE name='index_players_on_team_id' AND type='index'
[0m
  [1m[36mActiveRecord::SchemaMigration Load (0.1ms)[0m  [1mSELECT "schema_migrations".* FROM "schema_migrations"[0m
  [1m[35mActiveRecord::SchemaMigration Load (0.1ms)[0m  SELECT "schema_migrations".* FROM "schema_migrations"
  [1m[36m (0.2ms)[0m  [1m            SELECT sql
            FROM sqlite_master
            WHERE name='index_players_on_team_id' AND type='index'
            UNION ALL
            SELECT sql
            FROM sqlite_temp_master
            WHERE name='index_players_on_team_id' AND type='index'
[0m
  [1m[36mActiveRecord::SchemaMigration Load (0.3ms)[0m  [1mSELECT "schema_migrations".* FROM "schema_migrations"[0m
  [1m[35mActiveRecord::SchemaMigration Load (0.1ms)[0m  SELECT "schema_migrations".* FROM "schema_migrations"
  [1m[36m (0.2ms)[0m  [1m            SELECT sql
            FROM sqlite_master
            WHERE name='index_players_on_team_id' AND type='index'
            UNION ALL
            SELECT sql
            FROM sqlite_temp_master
            WHERE name='index_players_on_team_id' AND type='index'
[0m
  [1m[36mActiveRecord::SchemaMigration Load (0.5ms)[0m  [1mSELECT "schema_migrations".* FROM "schema_migrations"[0m
  [1m[35mActiveRecord::SchemaMigration Load (0.1ms)[0m  SELECT "schema_migrations".* FROM "schema_migrations"
  [1m[36m (0.2ms)[0m  [1m            SELECT sql
            FROM sqlite_master
            WHERE name='index_players_on_team_id' AND type='index'
            UNION ALL
            SELECT sql
            FROM sqlite_temp_master
            WHERE name='index_players_on_team_id' AND type='index'
[0m
  [1m[36m (0.1ms)[0m  [1mbegin transaction[0m
  [1m[35mSQL (0.6ms)[0m  INSERT INTO "teams" ("title", "created_at", "updated_at") VALUES (?, ?, ?)  [["title", "MR"], ["created_at", "2015-08-09 16:13:48.007795"], ["updated_at", "2015-08-09 16:13:48.007795"]]
  [1m[36m (1.0ms)[0m  [1mcommit transaction[0m
  [1m[35m (0.1ms)[0m  begin transaction
  [1m[36mSQL (0.6ms)[0m  [1mINSERT INTO "players" ("name", "number", "position", "team_id", "created_at", "updated_at") VALUES (?, ?, ?, ?, ?, ?)[0m  [["name", "CR"], ["number", 7], ["position", "S"], ["team_id", 1], ["created_at", "2015-08-09 16:14:09.910323"], ["updated_at", "2015-08-09 16:14:09.910323"]]
  [1m[35m (0.8ms)[0m  commit transaction
  [1m[36mTeam Load (0.3ms)[0m  [1mSELECT  "teams".* FROM "teams" WHERE "teams"."id" = ? LIMIT 1[0m  [["id", 1]]
  [1m[35mPlayer Load (0.4ms)[0m  SELECT "players".* FROM "players" WHERE "players"."team_id" = ? AND "players"."id" = 1  [["team_id", 1]]
  [1m[36mTeam Load (0.3ms)[0m  [1mSELECT  "teams".* FROM "teams"  ORDER BY "teams"."id" ASC LIMIT 1[0m
  [1m[35mPlayer Load (0.4ms)[0m  SELECT "players".* FROM "players" WHERE "players"."team_id" = ? AND "players"."id" = 1  [["team_id", 1]]
  [1m[36mTeam Load (0.3ms)[0m  [1mSELECT  "teams".* FROM "teams"  ORDER BY "teams"."id" ASC LIMIT 1[0m
  [1m[35mPlayer Load (0.4ms)[0m  SELECT "players".* FROM "players" WHERE "players"."team_id" = ? AND "players"."id" = 1  [["team_id", 1]]
  [1m[36mPlayer Load (0.3ms)[0m  [1mSELECT "players".* FROM "players" WHERE "players"."team_id" = ? AND "players"."id" = 1[0m  [["team_id", 1]]
  [1m[36mTeam Load (0.3ms)[0m  [1mSELECT  "teams".* FROM "teams"  ORDER BY "teams"."id" ASC LIMIT 1[0m
  [1m[35mPlayer Load (0.4ms)[0m  SELECT "players".* FROM "players" WHERE "players"."team_id" = ? AND "players"."id" = 1  [["team_id", 1]]
  [1m[36mPlayer Load (0.6ms)[0m  [1mSELECT  "players".* FROM "players"  ORDER BY "players"."id" DESC LIMIT 1[0m
  [1m[35mPlayer Load (0.3ms)[0m  SELECT  "players".* FROM "players"  ORDER BY "players"."id" DESC LIMIT 1
  [1m[36mPlayer Load (0.6ms)[0m  [1mSELECT  "players".* FROM "players"  ORDER BY "players"."id" DESC LIMIT 1[0m
  [1m[35mPlayer Load (0.4ms)[0m  SELECT  "players".* FROM "players"  ORDER BY "players"."id" DESC LIMIT 1
  [1m[36mPlayer Load (0.4ms)[0m  [1mSELECT  "players".* FROM "players"  ORDER BY "players"."id" DESC LIMIT 1[0m
  [1m[35mPlayer Load (0.3ms)[0m  SELECT  "players".* FROM "players"  ORDER BY "players"."id" DESC LIMIT 1
  [1m[36mPlayer Load (0.4ms)[0m  [1mSELECT  "players".* FROM "players"  ORDER BY "players"."id" DESC LIMIT 1[0m
  [1m[35mPlayer Load (0.4ms)[0m  SELECT  "players".* FROM "players"  ORDER BY "players"."id" DESC LIMIT 1
  [1m[36mPlayer Load (0.5ms)[0m  [1mSELECT  "players".* FROM "players"  ORDER BY "players"."id" DESC LIMIT 1[0m
  [1m[35mPlayer Load (1.1ms)[0m  SELECT  "players".* FROM "players"  ORDER BY "players"."id" DESC LIMIT 1
  [1m[36mPlayer Load (2.7ms)[0m  [1mSELECT "players".* FROM "players" WHERE "players"."team_id" = ?[0m  [["team_id", 1]]
  [1m[35mPlayer Load (0.3ms)[0m  SELECT "players".* FROM "players" WHERE "players"."team_id" = ? AND "players"."id" = 1  [["team_id", 1]]
  [1m[36mTeam Load (0.4ms)[0m  [1mSELECT  "teams".* FROM "teams" WHERE "teams"."id" = ? LIMIT 1[0m  [["id", 1]]
  [1m[35mPlayer Load (0.2ms)[0m  SELECT "players".* FROM "players" WHERE "players"."team_id" = ? AND "players"."id" = 1  [["team_id", 1]]
  [1m[36mPlayer Load (0.2ms)[0m  [1mSELECT "players".* FROM "players" WHERE "players"."team_id" = ? AND "players"."id" = 1[0m  [["team_id", 1]]
  [1m[35mPlayer Load (0.2ms)[0m  SELECT "players".* FROM "players" WHERE "players"."team_id" = ? AND "players"."id" = 1  [["team_id", 1]]
  [1m[36mTeam Load (0.3ms)[0m  [1mSELECT  "teams".* FROM "teams" WHERE "teams"."id" = ? LIMIT 1[0m  [["id", 1]]
  [1m[35mPlayer Load (0.2ms)[0m  SELECT "players".* FROM "players" WHERE "players"."team_id" = ? AND "players"."id" = 1  [["team_id", 1]]
  [1m[36mTeam Load (0.6ms)[0m  [1mSELECT  "teams".* FROM "teams"  ORDER BY "teams"."id" DESC LIMIT 1[0m
  [1m[35mTeam Load (0.3ms)[0m  SELECT  "teams".* FROM "teams"  ORDER BY "teams"."id" DESC LIMIT 1
  [1m[36mPlayer Load (2.4ms)[0m  [1mSELECT "players".* FROM "players" WHERE "players"."team_id" = ? AND "players"."id" = 1[0m  [["team_id", 1]]
  [1m[35mPlayer Load (0.5ms)[0m  SELECT "players".* FROM "players" WHERE "players"."team_id" = ?  [["team_id", 1]]
  [1m[36mPlayer Load (0.3ms)[0m  [1mSELECT "players".* FROM "players" WHERE "players"."team_id" = ?[0m  [["team_id", 1]]
